00:00:00.154413 VirtualBox GUI VM Selector Window 6.1.12 r139181 win.amd64 (Jul 10 2020 22:02:01) release log
00:00:00.154416 Log opened 2021-01-23T18:50:38.909819000Z
00:00:00.154417 Build Type: release
00:00:00.154420 OS Product: Windows 10
00:00:00.154421 OS Release: 10.0.19042
00:00:00.154422 OS Service Pack: 
00:00:00.172721 DMI Product Name: HP Pavilion Gaming Laptop 15-dk0xxx
00:00:00.178192 DMI Product Version: Type1ProductConfigId
00:00:00.178219 Firmware type: UEFI
00:00:00.178620 Secure Boot: VERR_PRIVILEGE_NOT_HELD
00:00:00.178648 Host RAM: 8033MB (7.8GB) total, 1477MB available
00:00:00.178656 Executable: C:\Program Files\Oracle\VirtualBox\VirtualBox.exe
00:00:00.178657 Process ID: 8364
00:00:00.178658 Package type: WINDOWS_64BITS_GENERIC
00:00:00.178778 Qt version: 5.6.2
00:00:00.193823 GUI: UIMediumEnumerator: Medium-enumeration started...
00:00:00.810180 GUI: UIMediumEnumerator: Medium-enumeration finished!
00:01:43.753418 GUI: UIMediumEnumerator: Medium-enumeration finished!
00:01:46.773587 GUI: UIMediumEnumerator: Medium-enumeration finished!
00:01:53.218075 GUI: UIMediumEnumerator: Medium-enumeration finished!
00:01:53.560465 GUI: UIMediumEnumerator: Medium-enumeration finished!
00:01:59.628865 GUI: UIMediumEnumerator: Medium-enumeration finished!
00:01:59.683293 GUI: UIMediumEnumerator: Medium-enumeration finished!
