00:00:00.009704 main     VirtualBox COM Server 6.1.12 r139181 win.amd64 (Jul 10 2020 22:02:01) release log
00:00:00.009708 main     Log opened 2021-01-23T18:50:37.235831700Z
00:00:00.009710 main     Build Type: release
00:00:00.009725 main     OS Product: Windows 10
00:00:00.009727 main     OS Release: 10.0.19042
00:00:00.009728 main     OS Service Pack: 
00:00:00.066491 main     DMI Product Name: HP Pavilion Gaming Laptop 15-dk0xxx
00:00:00.092703 main     DMI Product Version: Type1ProductConfigId
00:00:00.092735 main     Firmware type: UEFI
00:00:00.093386 main     Secure Boot: VERR_PRIVILEGE_NOT_HELD
00:00:00.093432 main     Host RAM: 8033MB (7.8GB) total, 1597MB available
00:00:00.093441 main     Executable: C:\Program Files\Oracle\VirtualBox\VBoxSVC.exe
00:00:00.093443 main     Process ID: 14340
00:00:00.093444 main     Package type: WINDOWS_64BITS_GENERIC
00:00:00.194046          VirtualBox: object creation starts
00:00:00.196213          Home directory: 'C:\Users\Kristi\.VirtualBox'
00:00:00.196818          Installed Drivers:
00:00:00.201752            C:\WINDOWS\system32\DRIVERS\VBoxNetLwf.sys (Version: 6.1.12.39181)
00:00:00.203114            C:\WINDOWS\system32\DRIVERS\VBoxUSBMon.sys (Version: 6.1.12.39181)
00:00:00.203802            C:\WINDOWS\system32\DRIVERS\VBoxDrv.sys (Version: 6.1.12.39181)
00:00:00.205242            C:\WINDOWS\system32\DRIVERS\VBoxNetAdp6.sys (Version: 6.1.12.39181)
00:00:00.239346          Loading settings file "C:\Users\Kristi\.VirtualBox\VirtualBox.xml" with version "1.12-windows"
00:00:00.255997          usbLibGetDevices: Starting USB device enumeration
00:00:00.279706          Getting USB descriptor (id 0) failed (dwErr=31) on hub USB#ROOT_HUB30#4&380cfd04&0&0#{f18a0e88-c30c-11d0-8815-00a0c906bed8} port 5
00:00:00.284961          Getting USB descriptor (id 0) failed (dwErr=31) on hub USB#ROOT_HUB30#4&380cfd04&0&0#{f18a0e88-c30c-11d0-8815-00a0c906bed8} port 14
00:00:00.290830          usbLibGetDevices: Found 2 USB devices, 0 captured
00:00:00.294145          USB: Unknown USB device detected (idVendor: 0x05c8, idProduct: 0x03bc)
00:00:00.296162          USB: Unknown USB device detected (idVendor: 0x0bda, idProduct: 0xb00b)
00:00:00.561684          HostDnsMonitor: initializing
00:00:00.578320          HostDnsMonitor: updating information
00:00:00.579489          HostDnsMonitor: old information
00:00:00.579491            no server entries
00:00:00.579492            no domain set
00:00:00.579493            no search string entries
00:00:00.579493          HostDnsMonitor: new information
00:00:00.579494            server 1: 8.8.8.8
00:00:00.579494            no domain set
00:00:00.579495            no search string entries
00:00:00.779165          VD: VDInit finished with VINF_SUCCESS
00:00:00.799686          Loading settings file "C:\Users\Kristi\VirtualBox VMs\Kali-Linux-2020.3-vbox-amd64\Kali-Linux-2020.3-vbox-amd64.vbox" with version "1.16-windows"
00:00:00.834605          OCI: Local config file 'C:\Users\Kristi\.VirtualBox\oci_config' does not exist
00:00:00.834840          OCI: Original config file 'C:\Users\Kristi\.oci\config' does not exist
00:00:00.834843          OCI: Reading profiles finished with status ERROR_SUCCESS
00:00:00.835366          ExtPack: Created cloud provider 'OCI' (hrc=ERROR_SUCCESS)
00:00:00.835497          VirtualBox: object created
00:00:05.367324          Saving settings file "C:\Users\Kristi\.VirtualBox\VirtualBox.xml" with version "1.12-windows"
00:00:05.421986          Saving settings file "C:\Users\Kristi\.VirtualBox\VirtualBox.xml" with version "1.12-windows"
00:00:14.535670          Launched VM: 64790560 pid: 17484 (0x444c) frontend: GUI/Qt name: Kali-Linux-2020.3-vbox-amd64
00:00:19.389997          Load [C:\Program Files\Oracle\VirtualBox\ExtensionPacks\Oracle_VM_VirtualBox_Extension_Pack\win.amd64\VBoxHostWebcam.DLL] vrc=VINF_SUCCESS
00:00:23.363002          ERROR [COM]: aRC=VBOX_E_IPRT_ERROR (0x80bb0005) aIID={85632c68-b5bb-4316-a900-5eb28d3413df} aComponent={SessionMachine} aText={Saved screenshot data is not available (VERR_NOT_SUPPORTED)}, preserve=false aResultDetail=-37
00:01:45.230605          Saving settings file "C:\Users\Kristi\VirtualBox VMs\Kali-Linux-2020.3-vbox-amd64\Kali-Linux-2020.3-vbox-amd64.vbox" with version "1.16-windows"
00:01:48.262414          Saving settings file "C:\Users\Kristi\VirtualBox VMs\Kali-Linux-2020.3-vbox-amd64\Kali-Linux-2020.3-vbox-amd64.vbox" with version "1.16-windows"
00:01:54.648858          Saving settings file "C:\Users\Kristi\VirtualBox VMs\Kali-Linux-2020.3-vbox-amd64\Kali-Linux-2020.3-vbox-amd64.vbox" with version "1.16-windows"
00:01:55.059075          Saving settings file "C:\Users\Kristi\VirtualBox VMs\Kali-Linux-2020.3-vbox-amd64\Kali-Linux-2020.3-vbox-amd64.vbox" with version "1.16-windows"
00:02:00.416412          Saving settings file "C:\Users\Kristi\VirtualBox VMs\Kali-Linux-2020.3-vbox-amd64\Kali-Linux-2020.3-vbox-amd64.vbox" with version "1.16-windows"
00:02:01.118364          Saving settings file "C:\Users\Kristi\VirtualBox VMs\Kali-Linux-2020.3-vbox-amd64\Kali-Linux-2020.3-vbox-amd64.vbox" with version "1.16-windows"
00:02:01.159825          Saving settings file "C:\Users\Kristi\VirtualBox VMs\Kali-Linux-2020.3-vbox-amd64\Kali-Linux-2020.3-vbox-amd64.vbox" with version "1.16-windows"
00:02:04.018234          Saving settings file "C:\Users\Kristi\.VirtualBox\VirtualBox.xml" with version "1.12-windows"
00:02:04.018322          ERROR [COM]: aRC=VBOX_E_OBJECT_NOT_FOUND (0x80bb0001) aIID={9b6e1aee-35f3-4f4d-b5bb-ed0ecefd8538} aComponent={EventSourceWrap} aText={Unknown event}, preserve=false aResultDetail=0
00:02:05.630698          Saving settings file "C:\Users\Kristi\.VirtualBox\VirtualBox.xml" with version "1.12-windows"
00:02:07.048799          Saving settings file "C:\Users\Kristi\.VirtualBox\VirtualBox.xml" with version "1.12-windows"
00:02:08.765368          Saving settings file "C:\Users\Kristi\.VirtualBox\VirtualBox.xml" with version "1.12-windows"
00:02:08.773418          Saving settings file "C:\Users\Kristi\.VirtualBox\VirtualBox.xml" with version "1.12-windows"
00:02:14.334680 main     VirtualBox: object deletion starts
00:02:14.365415 main     ERROR [COM]: aRC=VBOX_E_OBJECT_IN_USE (0x80bb000c) aIID={ad47ad09-787b-44ab-b343-a082a3f2dfb1} aComponent={MediumWrap} aText={Medium 'C:\Users\Kristi\VirtualBox VMs\Kali-Linux-2020.3-vbox-amd64\Kali-Linux-2020.3-vbox-amd64-disk001.vdi' cannot be closed because it is still attached to 1 virtual machines}, preserve=false aResultDetail=0
00:02:14.372717 main     HostDnsMonitor: shutting down ...
00:02:14.373002 main     HostDnsMonitor: shut down
00:02:14.399580 Watcher  ERROR [COM]: aRC=E_ACCESSDENIED (0x80070005) aIID={d0a0163f-e254-4e5b-a1f2-011cf991c38d} aComponent={VirtualBoxWrap} aText={The object is not ready}, preserve=false aResultDetail=0
00:02:14.401735 main     VirtualBox: object deleted
